    1  docker stop centos7
    2  docker start centos7
    3  ls
    4  -la
    5  ls -a
    6  ls -l
    7  ls /
    8  ls /usr
    9  pwd
   10  cd /
   11  cd ~
   12  cd .
   13  cd /root
   14  pwd
   15  cd /root
   16  pwd
   17  cd usr
   18  cd /usr
   19  pwd
   20  cd /home
   21  mkdir test1
   22  ls
   23  cd /home
   24  mkdir test2/test3
   25  mkdir -p test2/test3
   26  ls
   27  ls test2
   28  cd /home
   29  touch test1/index.php
   30  ls test1
   31  cd /home/test1 && ls
   32  cd /home/test1
   33  cp index.php copy.php
   34  ls
   35  cd /home
   36  cp -r test1 test4
   37  ls
   38  ls test4
   39  ls test1
   40  cd /home
   41  mv test2/test3 test3
   42  ls
   43  cd /home
   44  mv test4 test_1copy
   45  ls
   46  cd /home
   47  ls test1
   48  rm test1/copy.php
   49  ls test1
   50  cd /home
   51  rm -r test3
   52  s
   53  ls
   54  cd /home
   55  rm test1_copy/*.php
   56  ls
   57  rm test_1copy/*.php
   58  ls
   59  ls test_1copy
   60  cd
   61  ls
   62  ls /
   63  ls /home
   64  ls test1
   65  pwd
   66  cd /home/
   67  ls
   68  cd test1
   69  ls
   70  cd /
   71  cd /home
   72  cat README.md
   73  echo '# Hello World' > README.md
   74  cat README.md
   75  echo '# Server Lesson' > README.md
   76  cat README.md
   77  cd /home
   78  echo 'Linux Practice' >> README.md
   79  echo '-----------------' >> README.md
   80  cat README.md
   81  cd /home
   82  vi README.md
   83  vi README.md
   84  cd /root
   85  mkdir server_lesson && cd server_lesson
   86  yum update -y && yum -y install git
   87  git version
   88  git init
   89  touch first.txt
   90  ls
   91  pwd
   92  mkdir linux_practice1
   93  mkdir linux_practice1/public
   94  ls
   95  ls linux_practice1
   96  touch public/index.php
   97  cd public
   98  ls
   99  cd linux_practice1/public/
  100  touch index.php
  101  ls
  102  cd
  103  cd server_lesson/
  104  git add index.php
  105  git add linux_practice1/public/index.php
  106  git status
  107  git commit -m 'add index.php'
  108  git config --global user.email "maimi.habu@gmail.com"
  109  git config --global user.name "hm0913"
  110  git commit -m 'add index.php'
  111  cd linux_practice1/public/
  112  cp index.php index_bk.php
  113  ls
  114  git add linux_practice1/public/index_bk.php
  115  cd
  116  cd server_lesson/
  117  git add linux_practice1/public/index_bk.php
  118  git status
  119  git commit -m 'add index_bk.php'
  120  cd linux_practice1/public/
  121  cp -r public tmp
  122  cd
  123  cd server_lesson/linux_practice1/
  124  cp -r public tmp
  125  ls
  126  ls tmp
  127  rm tmp/index_bk.php
  128  ls tmp
  129  cd
  130  cd server_lesson/
  131  touch README.md
  132  ls
  133  vi README.md
  134  git add .
  135  git status
  136  git commit -m 'add README.md'
  137  mkdir -p linux_practice2/documents
  138  ls
  139  ls linux_practice2
  140  cd linux_practice2/documents/
  141  touch gizumo{01..50}.md
  142  ls
  143  cd ..
  144  mkdir trash
  145  ls
  146  documents/gizumo{20..40}.md trash
  147  cd documents
  148  cd ..
  149  mv documents/gizumo{20..40}.md trash
  150  ls
  151  ls trash
  152  ls documents
  153  git add .
  154  git status
  155  git commit -m 'add trash/gizumo.md'
  156  touch .gitignore
  157  ls
  158  ls -a
  159  vi .gitignore
  160  git status
  161  vi .gitignore
  162  history 300
  163  history 300 > exec_command.log
